<?xml version="1.0" encoding="UTF-8"?>
<!-- Generated by org.testng.reporters.JUnitXMLReporter -->
<testsuite hostname="NTPC01507" name="Editing Empdetails" tests="11" failures="1" timestamp="17 Dec 2018 08:57:34 GMT" time="81.266" errors="0">
  <testcase name="login" time="4.396" classname="testcases.Addemployee"/>
  <testcase name="AddAdminQualification" time="10.859" classname="testcases.Addemployee">
    <failure type="java.lang.NullPointerException">
      <![CDATA[java.lang.NullPointerException
	at testcases.Addemployee.AddAdminQualification(Addemployee.java:126)
... Removed 24 stack frames]]>
    </failure>
  </testcase> <!-- AddAdminQualification -->
  <testcase name="AddEmp" time="3.268" classname="testcases.Addemployee"/>
  <testcase name="login" time="4.708" classname="testcases.Education_information"/>
  <testcase name="Pimtab1" time="1.209" classname="testcases.Education_information"/>
  <testcase name="SearchEmp" time="12.13" classname="testcases.Education_information"/>
  <testcase name="AddQualification" time="7.426" classname="testcases.Education_information"/>
  <testcase name="EditQualification" time="1.903" classname="testcases.Education_information"/>
  <testcase name="login" time="4.35" classname="testcases.Leaveapplication"/>
  <testcase name="Leaveassign" time="6.158" classname="testcases.Leaveapplication"/>
  <testcase name="leavereport" time="2.404" classname="testcases.Leaveapplication"/>
</testsuite> <!-- Editing Empdetails -->
