<?xml version="1.0" encoding="UTF-8"?>
<testng-results skipped="0" failed="1" total="11" passed="10">
  <reporter-output>
  </reporter-output>
  <suite name="Assigned" duration-ms="81266" started-at="2018-12-17T08:56:13Z" finished-at="2018-12-17T08:57:34Z">
    <groups>
    </groups>
    <test name="Editing Empdetails" duration-ms="81266" started-at="2018-12-17T08:56:13Z" finished-at="2018-12-17T08:57:34Z">
      <class name="testcases.Leaveapplication">
        <test-method status="PASS" signature="login()[pri:0, instance:testcases.Leaveapplication@5f341870]" name="login" duration-ms="4350" started-at="2018-12-17T14:27:20Z" finished-at="2018-12-17T14:27:24Z">
          <reporter-output>
          </reporter-output>
        </test-method> <!-- login -->
        <test-method status="PASS" signature="Leaveassign()[pri:0, instance:testcases.Leaveapplication@5f341870]" name="Leaveassign" duration-ms="6158" started-at="2018-12-17T14:27:24Z" finished-at="2018-12-17T14:27:30Z">
          <reporter-output>
          </reporter-output>
        </test-method> <!-- Leaveassign -->
        <test-method status="PASS" signature="leavereport()[pri:0, instance:testcases.Leaveapplication@5f341870]" name="leavereport" duration-ms="2404" started-at="2018-12-17T14:27:30Z" finished-at="2018-12-17T14:27:33Z">
          <reporter-output>
          </reporter-output>
        </test-method> <!-- leavereport -->
      </class> <!-- testcases.Leaveapplication -->
      <class name="testcases.Education_information">
        <test-method status="PASS" signature="login()[pri:0, instance:testcases.Education_information@53b32d7]" name="login" duration-ms="4708" started-at="2018-12-17T14:26:52Z" finished-at="2018-12-17T14:26:57Z">
          <reporter-output>
          </reporter-output>
        </test-method> <!-- login -->
        <test-method status="PASS" signature="Pimtab1()[pri:0, instance:testcases.Education_information@53b32d7]" name="Pimtab1" duration-ms="1209" started-at="2018-12-17T14:26:57Z" finished-at="2018-12-17T14:26:58Z">
          <reporter-output>
          </reporter-output>
        </test-method> <!-- Pimtab1 -->
        <test-method status="PASS" signature="SearchEmp()[pri:0, instance:testcases.Education_information@53b32d7]" name="SearchEmp" duration-ms="12130" started-at="2018-12-17T14:26:58Z" finished-at="2018-12-17T14:27:10Z">
          <reporter-output>
          </reporter-output>
        </test-method> <!-- SearchEmp -->
        <test-method status="PASS" signature="AddQualification()[pri:0, instance:testcases.Education_information@53b32d7]" name="AddQualification" duration-ms="7426" started-at="2018-12-17T14:27:10Z" finished-at="2018-12-17T14:27:18Z">
          <reporter-output>
          </reporter-output>
        </test-method> <!-- AddQualification -->
        <test-method status="PASS" signature="EditQualification()[pri:0, instance:testcases.Education_information@53b32d7]" name="EditQualification" duration-ms="1903" started-at="2018-12-17T14:27:18Z" finished-at="2018-12-17T14:27:20Z">
          <reporter-output>
          </reporter-output>
        </test-method> <!-- EditQualification -->
      </class> <!-- testcases.Education_information -->
      <class name="testcases.Addemployee">
        <test-method status="PASS" signature="start()[pri:0, instance:testcases.Addemployee@14bf9759]" name="start" is-config="true" duration-ms="7002" started-at="2018-12-17T14:26:13Z" finished-at="2018-12-17T14:26:20Z">
          <reporter-output>
          </reporter-output>
        </test-method> <!-- start -->
        <test-method status="PASS" signature="start()[pri:0, instance:testcases.Education_information@53b32d7]" name="start" is-config="true" duration-ms="6208" started-at="2018-12-17T14:26:20Z" finished-at="2018-12-17T14:26:26Z">
          <reporter-output>
          </reporter-output>
        </test-method> <!-- start -->
        <test-method status="PASS" signature="start()[pri:0, instance:testcases.Leaveapplication@5f341870]" name="start" is-config="true" duration-ms="7539" started-at="2018-12-17T14:26:26Z" finished-at="2018-12-17T14:26:34Z">
          <reporter-output>
          </reporter-output>
        </test-method> <!-- start -->
        <test-method status="PASS" signature="login()[pri:0, instance:testcases.Addemployee@14bf9759]" name="login" duration-ms="4396" started-at="2018-12-17T14:26:34Z" finished-at="2018-12-17T14:26:38Z">
          <reporter-output>
          </reporter-output>
        </test-method> <!-- login -->
        <test-method status="FAIL" signature="AddAdminQualification()[pri:0, instance:testcases.Addemployee@14bf9759]" name="AddAdminQualification" duration-ms="10859" started-at="2018-12-17T14:26:38Z" finished-at="2018-12-17T14:26:49Z">
          <exception class="java.lang.NullPointerException">
            <full-stacktrace>
              <![CDATA[java.lang.NullPointerException
	at testcases.Addemployee.AddAdminQualification(Addemployee.java:126)
	at sun.reflect.NativeMethodAccessorImpl.invoke0(Native Method)
	at sun.reflect.NativeMethodAccessorImpl.invoke(Unknown Source)
	at sun.reflect.DelegatingMethodAccessorImpl.invoke(Unknown Source)
	at java.lang.reflect.Method.invoke(Unknown Source)
	at org.testng.internal.MethodInvocationHelper.invokeMethod(MethodInvocationHelper.java:80)
	at org.testng.internal.Invoker.invokeMethod(Invoker.java:714)
	at org.testng.internal.Invoker.invokeTestMethod(Invoker.java:901)
	at org.testng.internal.Invoker.invokeTestMethods(Invoker.java:1231)
	at org.testng.internal.TestMethodWorker.invokeTestMethods(TestMethodWorker.java:127)
	at org.testng.internal.TestMethodWorker.run(TestMethodWorker.java:111)
	at org.testng.TestRunner.privateRun(TestRunner.java:767)
	at org.testng.TestRunner.run(TestRunner.java:617)
	at org.testng.SuiteRunner.runTest(SuiteRunner.java:334)
	at org.testng.SuiteRunner.runSequentially(SuiteRunner.java:329)
	at org.testng.SuiteRunner.privateRun(SuiteRunner.java:291)
	at org.testng.SuiteRunner.run(SuiteRunner.java:240)
	at org.testng.SuiteRunnerWorker.runSuite(SuiteRunnerWorker.java:52)
	at org.testng.SuiteRunnerWorker.run(SuiteRunnerWorker.java:86)
	at org.testng.TestNG.runSuitesSequentially(TestNG.java:1198)
	at org.testng.TestNG.runSuitesLocally(TestNG.java:1123)
	at org.testng.TestNG.run(TestNG.java:1031)
	at org.testng.remote.AbstractRemoteTestNG.run(AbstractRemoteTestNG.java:114)
	at org.testng.remote.RemoteTestNG.initAndRun(RemoteTestNG.java:251)
	at org.testng.remote.RemoteTestNG.main(RemoteTestNG.java:77)
]]>
            </full-stacktrace>
          </exception> <!-- java.lang.NullPointerException -->
          <reporter-output>
          </reporter-output>
        </test-method> <!-- AddAdminQualification -->
        <test-method status="PASS" signature="AddEmp()[pri:0, instance:testcases.Addemployee@14bf9759]" name="AddEmp" duration-ms="3268" started-at="2018-12-17T14:26:49Z" finished-at="2018-12-17T14:26:52Z">
          <reporter-output>
          </reporter-output>
        </test-method> <!-- AddEmp -->
        <test-method status="PASS" signature="teardown()[pri:0, instance:testcases.Addemployee@14bf9759]" name="teardown" is-config="true" duration-ms="887" started-at="2018-12-17T14:27:33Z" finished-at="2018-12-17T14:27:33Z">
          <reporter-output>
          </reporter-output>
        </test-method> <!-- teardown -->
        <test-method status="PASS" signature="teardown()[pri:0, instance:testcases.Education_information@53b32d7]" name="teardown" is-config="true" duration-ms="790" started-at="2018-12-17T14:27:33Z" finished-at="2018-12-17T14:27:34Z">
          <reporter-output>
          </reporter-output>
        </test-method> <!-- teardown -->
      </class> <!-- testcases.Addemployee -->
    </test> <!-- Editing Empdetails -->
  </suite> <!-- Assigned -->
</testng-results>
