<?xml version="1.0" encoding="UTF-8"?>
<testng-results skipped="0" failed="1" total="3" passed="2">
  <reporter-output>
  </reporter-output>
  <suite name="Default suite" duration-ms="19222" started-at="2018-11-27T08:37:04Z" finished-at="2018-11-27T08:37:23Z">
    <groups>
    </groups>
    <test name="Default test" duration-ms="19222" started-at="2018-11-27T08:37:04Z" finished-at="2018-11-27T08:37:23Z">
      <class name="testcases.Addemployee">
        <test-method status="PASS" signature="start()[pri:0, instance:testcases.Addemployee@204f30ec]" name="start" is-config="true" duration-ms="10012" started-at="2018-11-27T14:07:04Z" finished-at="2018-11-27T14:07:14Z">
          <reporter-output>
          </reporter-output>
        </test-method> <!-- start -->
        <test-method status="PASS" signature="startTest()[pri:0, instance:testcases.Addemployee@204f30ec]" name="startTest" is-config="true" duration-ms="76" started-at="2018-11-27T14:07:14Z" finished-at="2018-11-27T14:07:14Z">
          <reporter-output>
          </reporter-output>
        </test-method> <!-- startTest -->
        <test-method status="PASS" signature="login()[pri:0, instance:testcases.Addemployee@204f30ec]" name="login" duration-ms="2756" started-at="2018-11-27T14:07:14Z" finished-at="2018-11-27T14:07:17Z">
          <reporter-output>
          </reporter-output>
        </test-method> <!-- login -->
        <test-method status="FAIL" signature="AddAdminQualification()[pri:0, instance:testcases.Addemployee@204f30ec]" name="AddAdminQualification" duration-ms="279" started-at="2018-11-27T14:07:17Z" finished-at="2018-11-27T14:07:17Z">
          <exception class="org.openqa.selenium.interactions.MoveTargetOutOfBoundsException">
            <message>
              <![CDATA[Offset within element cannot be scrolled into view: (57.5, 15): https://opensource-demo.orangehrmlive.com/index.php/dashboard#
Command duration or timeout: 11 milliseconds
Build info: version: '2.53.1', revision: 'a36b8b1cd5757287168e54b817830adce9b0158d', time: '2016-06-30 19:26:09'
System info: host: 'NTPC01507', ip: '172.16.4.202', os.name: 'Windows 8.1', os.arch: 'amd64', os.version: '6.3', java.version: '1.8.0_51'
Driver info: org.openqa.selenium.firefox.FirefoxDriver
Capabilities [{applicationCacheEnabled=true, rotatable=false, handlesAlerts=true, databaseEnabled=true, version=44.0, platform=WINDOWS, nativeEvents=false, acceptSslCerts=true, webStorageEnabled=true, locationContextEnabled=true, browserName=firefox, takesScreenshot=true, javascriptEnabled=true, cssSelectorsEnabled=true}]
Session ID: a734ac1d-37f3-43dc-9429-8594ec258ac9]]>
            </message>
            <full-stacktrace>
              <![CDATA[org.openqa.selenium.interactions.MoveTargetOutOfBoundsException: Offset within element cannot be scrolled into view: (57.5, 15): https://opensource-demo.orangehrmlive.com/index.php/dashboard#
Command duration or timeout: 11 milliseconds
Build info: version: '2.53.1', revision: 'a36b8b1cd5757287168e54b817830adce9b0158d', time: '2016-06-30 19:26:09'
System info: host: 'NTPC01507', ip: '172.16.4.202', os.name: 'Windows 8.1', os.arch: 'amd64', os.version: '6.3', java.version: '1.8.0_51'
Driver info: org.openqa.selenium.firefox.FirefoxDriver
Capabilities [{applicationCacheEnabled=true, rotatable=false, handlesAlerts=true, databaseEnabled=true, version=44.0, platform=WINDOWS, nativeEvents=false, acceptSslCerts=true, webStorageEnabled=true, locationContextEnabled=true, browserName=firefox, takesScreenshot=true, javascriptEnabled=true, cssSelectorsEnabled=true}]
Session ID: a734ac1d-37f3-43dc-9429-8594ec258ac9
	at sun.reflect.NativeConstructorAccessorImpl.newInstance0(Native Method)
	at sun.reflect.NativeConstructorAccessorImpl.newInstance(Unknown Source)
	at sun.reflect.DelegatingConstructorAccessorImpl.newInstance(Unknown Source)
	at java.lang.reflect.Constructor.newInstance(Unknown Source)
	at org.openqa.selenium.remote.ErrorHandler.createThrowable(ErrorHandler.java:206)
	at org.openqa.selenium.remote.ErrorHandler.throwIfResponseFailed(ErrorHandler.java:158)
	at org.openqa.selenium.remote.RemoteWebDriver.execute(RemoteWebDriver.java:678)
	at org.openqa.selenium.remote.RemoteExecuteMethod.execute(RemoteExecuteMethod.java:35)
	at org.openqa.selenium.remote.RemoteMouse.mouseMove(RemoteMouse.java:89)
	at org.openqa.selenium.interactions.MoveMouseAction.perform(MoveMouseAction.java:39)
	at org.openqa.selenium.interactions.CompositeAction.perform(CompositeAction.java:50)
	at testcases.Addemployee.AddAdminQualification(Addemployee.java:91)
	at sun.reflect.NativeMethodAccessorImpl.invoke0(Native Method)
	at sun.reflect.NativeMethodAccessorImpl.invoke(Unknown Source)
	at sun.reflect.DelegatingMethodAccessorImpl.invoke(Unknown Source)
	at java.lang.reflect.Method.invoke(Unknown Source)
	at org.testng.internal.MethodInvocationHelper.invokeMethod(MethodInvocationHelper.java:80)
	at org.testng.internal.Invoker.invokeMethod(Invoker.java:714)
	at org.testng.internal.Invoker.invokeTestMethod(Invoker.java:901)
	at org.testng.internal.Invoker.invokeTestMethods(Invoker.java:1231)
	at org.testng.internal.TestMethodWorker.invokeTestMethods(TestMethodWorker.java:127)
	at org.testng.internal.TestMethodWorker.run(TestMethodWorker.java:111)
	at org.testng.TestRunner.privateRun(TestRunner.java:767)
	at org.testng.TestRunner.run(TestRunner.java:617)
	at org.testng.SuiteRunner.runTest(SuiteRunner.java:334)
	at org.testng.SuiteRunner.runSequentially(SuiteRunner.java:329)
	at org.testng.SuiteRunner.privateRun(SuiteRunner.java:291)
	at org.testng.SuiteRunner.run(SuiteRunner.java:240)
	at org.testng.SuiteRunnerWorker.runSuite(SuiteRunnerWorker.java:52)
	at org.testng.SuiteRunnerWorker.run(SuiteRunnerWorker.java:86)
	at org.testng.TestNG.runSuitesSequentially(TestNG.java:1198)
	at org.testng.TestNG.runSuitesLocally(TestNG.java:1123)
	at org.testng.TestNG.run(TestNG.java:1031)
	at org.testng.remote.AbstractRemoteTestNG.run(AbstractRemoteTestNG.java:114)
	at org.testng.remote.RemoteTestNG.initAndRun(RemoteTestNG.java:251)
	at org.testng.remote.RemoteTestNG.main(RemoteTestNG.java:77)
Caused by: org.openqa.selenium.interactions.MoveTargetOutOfBoundsException: Offset within element cannot be scrolled into view: (57.5, 15): https://opensource-demo.orangehrmlive.com/index.php/dashboard#
Build info: version: '2.53.1', revision: 'a36b8b1cd5757287168e54b817830adce9b0158d', time: '2016-06-30 19:26:09'
System info: host: 'NTPC01507', ip: '172.16.4.202', os.name: 'Windows 8.1', os.arch: 'amd64', os.version: '6.3', java.version: '1.8.0_51'
Driver info: driver.version: unknown
	at <anonymous class>.FirefoxDriver.prototype.mouseMoveTo(file:///C:/Users/SAGAR~1.CHA/AppData/Local/Temp/anonymous1555351115423439350webdriver-profile/extensions/fxdriver@googlecode.com/components/driver-component.js:11072)
	at <anonymous class>.DelayedCommand.prototype.executeInternal_/h(file:///C:/Users/SAGAR~1.CHA/AppData/Local/Temp/anonymous1555351115423439350webdriver-profile/extensions/fxdriver@googlecode.com/components/command-processor.js:12661)
	at <anonymous class>.DelayedCommand.prototype.executeInternal_(file:///C:/Users/SAGAR~1.CHA/AppData/Local/Temp/anonymous1555351115423439350webdriver-profile/extensions/fxdriver@googlecode.com/components/command-processor.js:12666)
	at <anonymous class>.DelayedCommand.prototype.execute/<(file:///C:/Users/SAGAR~1.CHA/AppData/Local/Temp/anonymous1555351115423439350webdriver-profile/extensions/fxdriver@googlecode.com/components/command-processor.js:12608)
	at <anonymous class>..send(https://opensource-demo.orangehrmlive.com/webres_5acde3dbd3adc6.90334155/js/jquery/jquery-1.7.2.min.js:4)
	at <anonymous class>..ajax(https://opensource-demo.orangehrmlive.com/webres_5acde3dbd3adc6.90334155/js/jquery/jquery-1.7.2.min.js:4)
	at <anonymous class>..domManip/<(https://opensource-demo.orangehrmlive.com/webres_5acde3dbd3adc6.90334155/js/jquery/jquery-1.7.2.min.js:4)
	at <anonymous class>.f</<.each(https://opensource-demo.orangehrmlive.com/webres_5acde3dbd3adc6.90334155/js/jquery/jquery-1.7.2.min.js:2)
	at <anonymous class>..domManip(https://opensource-demo.orangehrmlive.com/webres_5acde3dbd3adc6.90334155/js/jquery/jquery-1.7.2.min.js:4)
	at <anonymous class>..append(https://opensource-demo.orangehrmlive.com/webres_5acde3dbd3adc6.90334155/js/jquery/jquery-1.7.2.min.js:3)
	at <anonymous class>..html/<(https://opensource-demo.orangehrmlive.com/webres_5acde3dbd3adc6.90334155/js/jquery/jquery-1.7.2.min.js:4)
	at <anonymous class>.f</<.access(https://opensource-demo.orangehrmlive.com/webres_5acde3dbd3adc6.90334155/js/jquery/jquery-1.7.2.min.js:2)
	at <anonymous class>..html(https://opensource-demo.orangehrmlive.com/webres_5acde3dbd3adc6.90334155/js/jquery/jquery-1.7.2.min.js:4)
	at <anonymous class>..success(https://opensource-demo.orangehrmlive.com/index.php/dashboard:914)
	at <anonymous class>.f.Callbacks/o(https://opensource-demo.orangehrmlive.com/webres_5acde3dbd3adc6.90334155/js/jquery/jquery-1.7.2.min.js:2)
	at <anonymous class>.f.Callbacks/p.fireWith(https://opensource-demo.orangehrmlive.com/webres_5acde3dbd3adc6.90334155/js/jquery/jquery-1.7.2.min.js:2)
	at <anonymous class>.w(https://opensource-demo.orangehrmlive.com/webres_5acde3dbd3adc6.90334155/js/jquery/jquery-1.7.2.min.js:4)
	at <anonymous class>..send/d(https://opensource-demo.orangehrmlive.com/webres_5acde3dbd3adc6.90334155/js/jquery/jquery-1.7.2.min.js:4)
]]>
            </full-stacktrace>
          </exception> <!-- org.openqa.selenium.interactions.MoveTargetOutOfBoundsException -->
          <reporter-output>
          </reporter-output>
        </test-method> <!-- AddAdminQualification -->
        <test-method status="PASS" signature="AddEmp()[pri:0, instance:testcases.Addemployee@204f30ec]" name="AddEmp" duration-ms="5334" started-at="2018-11-27T14:07:17Z" finished-at="2018-11-27T14:07:22Z">
          <reporter-output>
          </reporter-output>
        </test-method> <!-- AddEmp -->
        <test-method status="PASS" signature="endTest()[pri:0, instance:testcases.Addemployee@204f30ec]" name="endTest" is-config="true" duration-ms="180" started-at="2018-11-27T14:07:22Z" finished-at="2018-11-27T14:07:22Z">
          <reporter-output>
          </reporter-output>
        </test-method> <!-- endTest -->
        <test-method status="PASS" signature="teardown()[pri:0, instance:testcases.Addemployee@204f30ec]" name="teardown" is-config="true" duration-ms="572" started-at="2018-11-27T14:07:22Z" finished-at="2018-11-27T14:07:23Z">
          <reporter-output>
          </reporter-output>
        </test-method> <!-- teardown -->
      </class> <!-- testcases.Addemployee -->
    </test> <!-- Default test -->
  </suite> <!-- Default suite -->
</testng-results>
